<?xml version="1.0" encoding="UTF-8"?>
<testsuite xmlns:xsi="http://www.w3.org/2001/XMLSchema-instance" xsi:noNamespaceSchemaLocation="https://maven.apache.org/surefire/maven-surefire-plugin/xsd/surefire-test-report-3.0.xsd" version="3.0" name="runners.TestRunner" time="2.919" tests="2" errors="1" skipped="0" failures="0">
  <properties>
[...]
</properties>
  <testcase name="El usuario accede a la página principal" classname="Navegación en la página de mascotas" time="0.095">
    <error type="java.lang.NullPointerException"><![CDATA[java.lang.NullPointerException
	at steps.mifeatureSteps.muestraSeccionBusqueda(mifeatureSteps.java:25)
	at ✽.se muestra la seccion de busqueda(file:///C:/Users/fabia/Documents/GitHub/buscamascotas/src/test/features/mifeature.feature:6)
]]></error>
    <system-out><![CDATA[
Scenario: El usuario accede a la pÃ¡gina principal &amp#27;[90m# src/test/features/mifeature.feature:3&amp#27;[0m
El usuario está en la pagina principal.
  &amp#27;[32mGiven &amp#27;[0m&amp#27;[32mel usuario esta en la pagina principal&amp#27;[0m    &amp#27;[90m# steps.mifeatureSteps.usuarioEnPaginaPrincipal()&amp#27;[0m
El usuario hizo clic en: Buscar Mascotas
  &amp#27;[32mWhen &amp#27;[0m&amp#27;[32mel usuario hace clic en &amp#27;[0m&amp#27;[32m&amp#27;[1m"Buscar Mascotas"&amp#27;[0m  &amp#27;[90m# steps.mifeatureSteps.usuarioHaceClic(java.lang.String)&amp#27;[0m
Se muestra la sección de búsqueda.
  &amp#27;[31mThen &amp#27;[0m&amp#27;[31mse muestra la seccion de busqueda&amp#27;[0m          &amp#27;[90m# steps.mifeatureSteps.muestraSeccionBusqueda()&amp#27;[0m
      &amp#27;[31mjava.lang.NullPointerException
	at steps.mifeatureSteps.muestraSeccionBusqueda(mifeatureSteps.java:25)
	at âœ½.se muestra la seccion de busqueda(file:///C:/Users/fabia/Documents/GitHub/buscamascotas/src/test/features/mifeature.feature:6)
&amp#27;[0m
]]></system-out>
  </testcase>
  <testcase name="Abrir la pagina de inicio" classname="Navegación básica en la página" time="2.613">
    <system-out><![CDATA[
Scenario: Abrir la pagina de inicio      &amp#27;[90m# src/test/features/primerfeature.feature:3&amp#27;[0m
  &amp#27;[32mGiven &amp#27;[0m&amp#27;[32mque el usuario abre el navegador&amp#27;[0m &amp#27;[90m# steps.primerfeatureSteps.abrirNavegador()&amp#27;[0m
]]></system-out>
  </testcase>
</testsuite>